<?xml version="1.0" encoding="UTF-8"?>
<!-- Generated by org.testng.reporters.JUnitReportReporter -->
<testsuite hostname="LAPTOP-S8UE8KBK" failures="0" tests="1" name="crossBrowserTC.TestNGLogin" time="22.973" errors="0" timestamp="2024-06-21T14:54:35 IST" skipped="0">
  <testcase classname="crossBrowserTC.TestNGLogin" name="loginTest" time="22.973"/>
</testsuite> <!-- crossBrowserTC.TestNGLogin -->
