<?xml version="1.0" encoding="UTF-8"?>
<!-- Generated by org.testng.reporters.JUnitReportReporter -->
<testsuite hostname="LAPTOP-S8UE8KBK" failures="0" tests="3" name="projectTestCases.TestNgUnit" time="62.410" errors="0" timestamp="2024-06-21T14:15:23 IST" skipped="0">
  <testcase classname="projectTestCases.TestNgUnit" name="unitTest1" time="44.720"/>
  <testcase classname="projectTestCases.TestNgUnit" name="unitTest2" time="8.181"/>
  <testcase classname="projectTestCases.TestNgUnit" name="unitTest3" time="9.509"/>
</testsuite> <!-- projectTestCases.TestNgUnit -->
