<?xml version="1.0" encoding="UTF-8"?>
<!-- Generated by org.testng.reporters.JUnitReportReporter -->
<testsuite hostname="LAPTOP-S8UE8KBK" failures="0" tests="1" name="projectTestCases.TestNgAdd" time="82.414" errors="0" timestamp="2024-06-21T14:29:30 IST" skipped="0">
  <testcase classname="projectTestCases.TestNgAdd" name="addProduct1" time="82.414"/>
</testsuite> <!-- projectTestCases.TestNgAdd -->
