<?xml version="1.0" encoding="UTF-8"?>
<!-- Generated by org.testng.reporters.JUnitReportReporter -->
<testsuite hostname="LAPTOP-S8UE8KBK" failures="0" tests="3" name="parallelTC.TestNgCatagory" time="67.232" errors="0" timestamp="2024-06-21T15:22:52 IST" skipped="0">
  <testcase classname="parallelTC.TestNgCatagory" name="catagoryTest1" time="52.905"/>
  <testcase classname="parallelTC.TestNgCatagory" name="catagoryTest2" time="4.026"/>
  <testcase classname="parallelTC.TestNgCatagory" name="catagoryTest3" time="10.301"/>
</testsuite> <!-- parallelTC.TestNgCatagory -->
