<?xml version="1.0" encoding="UTF-8"?>
<!-- Generated by org.testng.reporters.JUnitReportReporter -->
<testsuite hostname="LAPTOP-S8UE8KBK" failures="0" tests="3" name="projectTestCases.TestNgCatagory" time="43.709" errors="0" timestamp="2024-06-18T19:27:29 IST" skipped="0">
  <testcase classname="projectTestCases.TestNgCatagory" name="f" time="31.883"/>
  <testcase classname="projectTestCases.TestNgCatagory" name="f2" time="4.097"/>
  <testcase classname="projectTestCases.TestNgCatagory" name="f3" time="7.729"/>
</testsuite> <!-- projectTestCases.TestNgCatagory -->
