<?xml version="1.0" encoding="UTF-8"?>
<!-- Generated by org.testng.reporters.JUnitReportReporter -->
<testsuite hostname="LAPTOP-S8UE8KBK" failures="0" tests="1" name="projectTestCases.TestNGLogin" time="15.696" errors="0" timestamp="2024-06-22T00:31:50 IST" skipped="0">
  <testcase classname="projectTestCases.TestNGLogin" name="loginTest" time="15.696"/>
</testsuite> <!-- projectTestCases.TestNGLogin -->
