<?xml version="1.0" encoding="UTF-8"?>
<!-- Generated by org.testng.reporters.JUnitReportReporter -->
<testsuite hostname="LAPTOP-S8UE8KBK" failures="0" tests="1" name="projectTestCases.TestNG" time="38.816" errors="0" timestamp="2024-06-17T19:32:56 IST" skipped="0">
  <testcase classname="projectTestCases.TestNG" name="loginTest" time="38.816"/>
</testsuite> <!-- projectTestCases.TestNG -->
