<?xml version="1.0" encoding="UTF-8"?>
<!-- Generated by org.testng.reporters.JUnitReportReporter -->
<testsuite hostname="LAPTOP-S8UE8KBK" failures="0" tests="1" name="parallelTC.TestNGLogin" time="34.925" errors="0" timestamp="2024-06-21T15:22:52 IST" skipped="0">
  <testcase classname="parallelTC.TestNGLogin" name="loginTest" time="34.925"/>
</testsuite> <!-- parallelTC.TestNGLogin -->
