<?xml version="1.0" encoding="UTF-8"?>
<!-- Generated by org.testng.reporters.JUnitReportReporter -->
<testsuite hostname="LAPTOP-S8UE8KBK" failures="0" tests="3" name="crossBrowserTC.TestNgCatagory" time="56.608" errors="0" timestamp="2024-06-21T14:54:35 IST" skipped="0">
  <testcase classname="crossBrowserTC.TestNgCatagory" name="catagoryTest1" time="42.245"/>
  <testcase classname="crossBrowserTC.TestNgCatagory" name="catagoryTest2" time="4.043"/>
  <testcase classname="crossBrowserTC.TestNgCatagory" name="catagoryTest3" time="10.320"/>
</testsuite> <!-- crossBrowserTC.TestNgCatagory -->
