<?xml version="1.0" encoding="UTF-8"?>
<!-- Generated by org.testng.reporters.JUnitReportReporter -->
<testsuite hostname="LAPTOP-S8UE8KBK" failures="0" tests="3" name="SequentialTC.TestNgCatagory" time="24.339" errors="0" timestamp="2024-06-21T14:59:00 IST" skipped="0">
  <testcase classname="SequentialTC.TestNgCatagory" name="f" time="12.041"/>
  <testcase classname="SequentialTC.TestNgCatagory" name="f2" time="4.070"/>
  <testcase classname="SequentialTC.TestNgCatagory" name="f3" time="8.228"/>
</testsuite> <!-- SequentialTC.TestNgCatagory -->
