<?xml version="1.0" encoding="UTF-8"?>
<!-- Generated by org.testng.reporters.JUnitReportReporter -->
<testsuite hostname="LAPTOP-S8UE8KBK" failures="0" tests="3" name="parallelTC.TestNgUnit" time="68.284" errors="0" timestamp="2024-06-21T15:22:52 IST" skipped="0">
  <testcase classname="parallelTC.TestNgUnit" name="unitTest1" time="51.854"/>
  <testcase classname="parallelTC.TestNgUnit" name="unitTest2" time="8.183"/>
  <testcase classname="parallelTC.TestNgUnit" name="unitTest3" time="8.247"/>
</testsuite> <!-- parallelTC.TestNgUnit -->
