<?xml version="1.0" encoding="UTF-8"?>
<!-- Generated by org.testng.reporters.JUnitReportReporter -->
<testsuite hostname="LAPTOP-S8UE8KBK" failures="0" tests="2" name="projectTestCases.TestNGBrands" time="39.985" errors="0" timestamp="2024-06-18T19:52:04 IST" skipped="0">
  <testcase classname="projectTestCases.TestNGBrands" name="brandTest1" time="27.165"/>
  <testcase classname="projectTestCases.TestNGBrands" name="brandTest2" time="12.820"/>
</testsuite> <!-- projectTestCases.TestNGBrands -->
