<?xml version="1.0" encoding="UTF-8"?>
<!-- Generated by org.testng.reporters.JUnitReportReporter -->
<testsuite hostname="LAPTOP-S8UE8KBK" failures="0" tests="3" name="SequentialTC.TestNgUnit" time="42.352" errors="0" timestamp="2024-06-21T14:59:00 IST" skipped="0">
  <testcase classname="SequentialTC.TestNgUnit" name="unitTest1" time="23.775"/>
  <testcase classname="SequentialTC.TestNgUnit" name="unitTest2" time="8.256"/>
  <testcase classname="SequentialTC.TestNgUnit" name="unitTest3" time="10.321"/>
</testsuite> <!-- SequentialTC.TestNgUnit -->
